生成启动时间为 2015/7/6 12:07:09。
     1>项目“F:\OpenCV\picPro\picPro.vcxproj”在节点 2 上(build 个目标)。
     1>InitializeBuildStatus:
         正在对“Debug\picPro.unsuccessfulbuild”执行 Touch 任务。
       CustomBuild:
         所有输出均为最新。
       ClCompile:
         所有输出均为最新。
         所有输出均为最新。
       Link:
         D:\Program Files (x86)\Microsoft Visual Studio 10.0\VC\bin\link.exe /ERRORREPORT:PROMPT /OUT:"F:\OpenCV\picPro\Win32\Debug\\picPro.exe" /NOLOGO /LIBPATH:D:\ProgramFiles\Qt5.4.0\5.4\msvc2010_opengl\lib /LIBPATH:"D:\Program Files\MySQL\MySQL Server 5.5\lib\plugin" /LIBPATH:"D:\Program Files\MySQL\MySQL Server 5.5\lib\debug" /LIBPATH:"D:\Program Files\MySQL\MySQL Server 5.5\lib" qtmaind.lib Qt5Cored.lib Qt5Guid.lib Qt5Widgetsd.lib libmysql.lib opencv_ml2410d.lib opencv_calib3d2410d.lib opencv_contrib2410d.lib opencv_core2410d.lib opencv_features2d2410d.lib opencv_flann2410d.lib opencv_gpu2410d.lib opencv_highgui2410d.lib opencv_imgproc2410d.lib opencv_legacy2410d.lib opencv_objdetect2410d.lib opencv_ts2410d.lib opencv_video2410d.lib opencv_nonfree2410d.lib opencv_ocl2410d.lib opencv_photo2410d.lib opencv_stitching2410d.lib opencv_superres2410d.lib opencv_videostab2410d.lib opencv_objdetect2410.lib opencv_ts2410.lib opencv_video2410.lib opencv_nonfree2410.lib opencv_ocl2410.lib opencv_photo2410.lib opencv_stitching2410.lib opencv_superres2410.lib opencv_videostab2410.lib opencv_calib3d2410.lib opencv_contrib2410.lib opencv_core2410.lib opencv_features2d2410.lib opencv_flann2410.lib opencv_gpu2410.lib opencv_highgui2410.lib opencv_imgproc2410.lib opencv_legacy2410.lib opencv_ml2410.lib kernel32.lib user32.lib gdi32.lib winspool.lib comdlg32.lib advapi32.lib shell32.lib ole32.lib oleaut32.lib uuid.lib odbc32.lib odbccp32.lib /MANIFEST /ManifestFile:"Debug\picPro.exe.intermediate.manifest" /MANIFESTUAC:"level='asInvoker' uiAccess='false'" /DEBUG /PDB:"F:\OpenCV\picPro\Win32\Debug\picPro.pdb" /SUBSYSTEM:WINDOWS /TLBID:1 /DYNAMICBASE /NXCOMPAT /IMPLIB:"F:\OpenCV\picPro\Win32\Debug\picPro.lib" /MACHINE:X86 Debug\Feature.obj
         Debug\moc_picpro.obj
         Debug\qrc_picpro.obj
         Debug\main.obj
         Debug\picpro.obj
         Debug\ui_picpro.obj
         picPro.vcxproj -> F:\OpenCV\picPro\Win32\Debug\picPro.exe
       Manifest:
         C:\Program Files (x86)\Microsoft SDKs\Windows\v7.0A\bin\mt.exe /nologo /verbose /out:"F:\OpenCV\picPro\Win32\Debug\picPro.exe.manifest" /manifest Debug\picPro.exe.intermediate.manifest
       FinalizeBuildStatus:
         正在删除文件“Debug\picPro.unsuccessfulbuild”。
         正在对“Debug\picPro.lastbuildstate”执行 Touch 任务。
     1>已完成生成项目“F:\OpenCV\picPro\picPro.vcxproj”(build 个目标)的操作。

生成成功。

已用时间 00:00:02.37
