F:\OpenCV\picPro\Debug\cl.command.1.tlog
F:\OpenCV\picPro\Debug\CL.read.1.tlog
F:\OpenCV\picPro\Debug\CL.write.1.tlog
F:\OpenCV\picPro\Debug\custombuild.command.1.tlog
F:\OpenCV\picPro\Debug\custombuild.read.1.tlog
F:\OpenCV\picPro\Debug\custombuild.write.1.tlog
F:\OPENCV\PICPRO\DEBUG\FEATURE.OBJ
F:\OpenCV\picPro\Debug\link.6408.read.1.tlog
F:\OpenCV\picPro\Debug\link.6408.write.1.tlog
F:\OpenCV\picPro\Debug\link.command.1.tlog
F:\OpenCV\picPro\Debug\link.read.1.tlog
F:\OpenCV\picPro\Debug\link.write.1.tlog
F:\OPENCV\PICPRO\DEBUG\MAIN.OBJ
F:\OPENCV\PICPRO\DEBUG\MOC_PICPRO.OBJ
F:\OpenCV\picPro\Debug\mt.command.1.tlog
F:\OpenCV\picPro\Debug\mt.read.1.tlog
F:\OpenCV\picPro\Debug\mt.write.1.tlog
F:\OpenCV\picPro\Debug\picPro.exe.intermediate.manifest
F:\OPENCV\PICPRO\DEBUG\PICPRO.OBJ
F:\OpenCV\picPro\Debug\picPro.vcxprojResolveAssemblyReference.cache
F:\OpenCV\picPro\Debug\picPro.write.1.tlog
F:\OPENCV\PICPRO\DEBUG\QRC_PICPRO.OBJ
F:\OPENCV\PICPRO\DEBUG\UI_PICPRO.OBJ
F:\OPENCV\PICPRO\DEBUG\VC100.PDB
F:\OPENCV\PICPRO\GENERATEDFILES\DEBUG\MOC_PICPRO.CPP
F:\OPENCV\PICPRO\GENERATEDFILES\QRC_PICPRO.CPP
F:\OPENCV\PICPRO\GENERATEDFILES\UI_PICPRO.H
F:\OPENCV\PICPRO\WIN32\DEBUG\PICPRO.EXE.MANIFEST
F:\OpenCV\picPro\Win32\Debug\picPro.pdb
